<?xml version="1.0" encoding="UTF-8"?>
<!-- Generated by org.testng.reporters.JUnitReportReporter -->
<testsuite hostname="MC-S102299" failures="0" tests="36" name="utils.ExcelDataProvider" time="132.983" errors="0" timestamp="2020-06-26T20:41:21 BST" skipped="0">
  <testcase classname="utils.ExcelDataProvider" name="test1" time="2.596"/>
  <system-out/>
  <testcase classname="utils.ExcelDataProvider" name="test1" time="2.708"/>
  <system-out/>
  <testcase classname="utils.ExcelDataProvider" name="test1" time="2.648"/>
  <system-out/>
  <testcase classname="utils.ExcelDataProvider" name="test2" time="4.949"/>
  <system-out/>
  <testcase classname="utils.ExcelDataProvider" name="test1" time="2.649"/>
  <system-out/>
  <testcase classname="utils.ExcelDataProvider" name="test1" time="2.789"/>
  <system-out/>
  <testcase classname="utils.ExcelDataProvider" name="test1" time="2.632"/>
  <system-out/>
  <testcase classname="utils.ExcelDataProvider" name="test2" time="4.322"/>
  <system-out/>
  <testcase classname="utils.ExcelDataProvider" name="test1" time="2.721"/>
  <system-out/>
  <testcase classname="utils.ExcelDataProvider" name="test2" time="5.060"/>
  <system-out/>
  <testcase classname="utils.ExcelDataProvider" name="test1" time="2.538"/>
  <system-out/>
  <testcase classname="utils.ExcelDataProvider" name="test2" time="2.746"/>
  <system-out/>
  <testcase classname="utils.ExcelDataProvider" name="test2" time="5.360"/>
  <system-out/>
  <testcase classname="utils.ExcelDataProvider" name="test1" time="2.606"/>
  <system-out/>
  <testcase classname="utils.ExcelDataProvider" name="test2" time="5.367"/>
  <system-out/>
  <testcase classname="utils.ExcelDataProvider" name="test2" time="2.694"/>
  <system-out/>
  <testcase classname="utils.ExcelDataProvider" name="test1" time="4.744"/>
  <system-out/>
  <testcase classname="utils.ExcelDataProvider" name="test2" time="3.237"/>
  <system-out/>
  <testcase classname="utils.ExcelDataProvider" name="test2" time="4.951"/>
  <system-out/>
  <testcase classname="utils.ExcelDataProvider" name="test1" time="2.776"/>
  <system-out/>
  <testcase classname="utils.ExcelDataProvider" name="test2" time="4.908"/>
  <system-out/>
  <testcase classname="utils.ExcelDataProvider" name="test2" time="6.574"/>
  <system-out/>
  <testcase classname="utils.ExcelDataProvider" name="test2" time="5.764"/>
  <system-out/>
  <testcase classname="utils.ExcelDataProvider" name="test2" time="3.133"/>
  <system-out/>
  <testcase classname="utils.ExcelDataProvider" name="test2" time="6.620"/>
  <system-out/>
  <testcase classname="utils.ExcelDataProvider" name="test2" time="2.706"/>
  <system-out/>
  <testcase classname="utils.ExcelDataProvider" name="test2" time="2.761"/>
  <system-out/>
  <testcase classname="utils.ExcelDataProvider" name="test1" time="2.671"/>
  <system-out/>
  <testcase classname="utils.ExcelDataProvider" name="test2" time="3.186"/>
  <system-out/>
  <testcase classname="utils.ExcelDataProvider" name="test1" time="3.018"/>
  <system-out/>
  <testcase classname="utils.ExcelDataProvider" name="test2" time="2.817"/>
  <system-out/>
  <testcase classname="utils.ExcelDataProvider" name="test1" time="2.547"/>
  <system-out/>
  <testcase classname="utils.ExcelDataProvider" name="test1" time="3.768"/>
  <system-out/>
  <testcase classname="utils.ExcelDataProvider" name="test1" time="2.559"/>
  <system-out/>
  <testcase classname="utils.ExcelDataProvider" name="test2" time="5.743"/>
  <system-out/>
  <testcase classname="utils.ExcelDataProvider" name="test2" time="4.115"/>
  <system-out/>
</testsuite> <!-- utils.ExcelDataProvider -->
