<?xml version="1.0" encoding="UTF-8"?>
<!-- Generated by org.testng.reporters.JUnitReportReporter -->
<testsuite hostname="MC-S102299" failures="0" tests="17" name="POM_Tests.AppleSearchTest2_testNG" time="14.025" errors="0" timestamp="2020-06-26T19:08:00 BST" skipped="0">
  <testcase classname="POM_Tests.AppleSearchTest2_testNG" name="appleLoginTest" time="0.600"/>
  <system-out/>
  <testcase classname="POM_Tests.AppleSearchTest2_testNG" name="appleLoginTest" time="0.685"/>
  <system-out/>
  <testcase classname="POM_Tests.AppleSearchTest2_testNG" name="appleLoginTest" time="0.656"/>
  <system-out/>
  <testcase classname="POM_Tests.AppleSearchTest2_testNG" name="appleLoginTest" time="0.660"/>
  <system-out/>
  <testcase classname="POM_Tests.AppleSearchTest2_testNG" name="appleLoginTest" time="0.634"/>
  <system-out/>
  <testcase classname="POM_Tests.AppleSearchTest2_testNG" name="appleLoginTest" time="0.562"/>
  <system-out/>
  <testcase classname="POM_Tests.AppleSearchTest2_testNG" name="appleSearchTest" time="3.198"/>
  <system-out/>
  <testcase classname="POM_Tests.AppleSearchTest2_testNG" name="appleLoginTest" time="1.642"/>
  <system-out/>
  <testcase classname="POM_Tests.AppleSearchTest2_testNG" name="appleLoginTest" time="0.582"/>
  <system-out/>
  <testcase classname="POM_Tests.AppleSearchTest2_testNG" name="appleLoginTest" time="0.576"/>
  <system-out/>
  <testcase classname="POM_Tests.AppleSearchTest2_testNG" name="appleLoginTest" time="0.662"/>
  <system-out/>
  <testcase classname="POM_Tests.AppleSearchTest2_testNG" name="appleLoginTest" time="0.519"/>
  <system-out/>
  <testcase classname="POM_Tests.AppleSearchTest2_testNG" name="appleLoginTest" time="0.633"/>
  <system-out/>
  <testcase classname="POM_Tests.AppleSearchTest2_testNG" name="appleLoginTest" time="0.664"/>
  <system-out/>
  <testcase classname="POM_Tests.AppleSearchTest2_testNG" name="appleLoginTest" time="0.567"/>
  <system-out/>
  <testcase classname="POM_Tests.AppleSearchTest2_testNG" name="appleLoginTest" time="0.569"/>
  <system-out/>
  <testcase classname="POM_Tests.AppleSearchTest2_testNG" name="appleLoginTest" time="0.616"/>
  <system-out/>
</testsuite> <!-- POM_Tests.AppleSearchTest2_testNG -->
