<?xml version="1.0" encoding="UTF-8"?>
<!-- Generated by org.testng.reporters.JUnitReportReporter -->
<testsuite hostname="MC-S102299" failures="0" tests="1" name="POM_Tests.ExtentReportsWithTestNG" time="4.014" errors="0" timestamp="2020-06-25T22:05:05 BST" skipped="0">
  <testcase classname="POM_Tests.ExtentReportsWithTestNG" name="test1" time="4.014"/>
  <system-out/>
</testsuite> <!-- POM_Tests.ExtentReportsWithTestNG -->
