<?xml version="1.0" encoding="UTF-8"?>
<!-- Generated by org.testng.reporters.JUnitReportReporter -->
<testsuite hostname="MC-S102299" failures="0" tests="1" name="POM_Tests.AppleSearchTest2_testNG_Demo" time="2.848" errors="0" timestamp="2020-06-26T21:40:37 BST" skipped="0">
  <testcase classname="POM_Tests.AppleSearchTest2_testNG_Demo" name="appleSearchTest" time="2.848"/>
  <system-out/>
</testsuite> <!-- POM_Tests.AppleSearchTest2_testNG_Demo -->
