<?xml version="1.0" encoding="UTF-8"?>
<!-- Generated by org.testng.reporters.JUnitReportReporter -->
<testsuite hostname="MC-S102299" failures="0" tests="2" name="POM_Tests.LoginTest_testNG2_dataProvider" time="4.723" errors="0" timestamp="2020-06-26T20:20:10 BST" skipped="0">
  <testcase classname="POM_Tests.LoginTest_testNG2_dataProvider" name="appleSearchTest" time="2.934"/>
  <system-out/>
  <testcase classname="POM_Tests.LoginTest_testNG2_dataProvider" name="appleLoginTest" time="1.789"/>
  <system-out/>
</testsuite> <!-- POM_Tests.LoginTest_testNG2_dataProvider -->
